<?xml version="1.0" encoding="UTF-8"?>
<testsuite xmlns:xsi="http://www.w3.org/2001/XMLSchema-instance" xsi:noNamespaceSchemaLocation="https://maven.apache.org/surefire/maven-surefire-plugin/xsd/surefire-test-report.xsd" version="3.0.1" name="com.rushhour.DepthFirstSolverTest" time="0.031" tests="1" errors="1" skipped="0" failures="0">
  <properties>
[...]
</properties>
  <testcase name="initialStateIsASolutionTest" classname="com.rushhour.DepthFirstSolverTest" time="0.016">
    <error message="Cannot invoke &quot;java.util.HashMap.put(Object, Object)&quot; because &quot;this.priorState&quot; is null" type="java.lang.NullPointerException"><![CDATA[java.lang.NullPointerException: Cannot invoke "java.util.HashMap.put(Object, Object)" because "this.priorState" is null
	at com.rushhour.DepthFirstSolver.<init>(DepthFirstSolver.java:19)
	at com.rushhour.DepthFirstSolverTest.createSolver(DepthFirstSolverTest.java:6)
	at com.rushhour.SolverTest.initialStateIsASolutionTest(SolverTest.java:19)
	at java.base/java.lang.reflect.Method.invoke(Method.java:580)
	at java.base/java.util.ArrayList.forEach(ArrayList.java:1596)
	at java.base/java.util.ArrayList.forEach(ArrayList.java:1596)
]]></error>
  </testcase>
</testsuite>